<?xml version="1.0" encoding="UTF-8"?>
<testng-results ignored="0" total="1" passed="1" failed="0" skipped="0">
  <reporter-output>
  </reporter-output>
  <suite started-at="2022-03-23T13:23:56 IST" name="Default suite" finished-at="2022-03-23T13:24:27 IST" duration-ms="31681">
    <groups>
    </groups>
    <test started-at="2022-03-23T13:23:56 IST" name="Default test" finished-at="2022-03-23T13:24:27 IST" duration-ms="31681">
      <class name="practice.LogintovigerbycommandlineparameterTest">
        <test-method signature="logintovtiger()[pri:0, instance:practice.LogintovigerbycommandlineparameterTest@693fe6c9]" started-at="2022-03-23T13:23:56 IST" name="logintovtiger" finished-at="2022-03-23T13:24:27 IST" duration-ms="31457" status="PASS">
          <reporter-output>
          </reporter-output>
        </test-method> <!-- logintovtiger -->
      </class> <!-- practice.LogintovigerbycommandlineparameterTest -->
    </test> <!-- Default test -->
  </suite> <!-- Default suite -->
</testng-results>
